<html xmlns:math="http://exslt.org/math" xmlns:testng="http://testng.org">
   <head>
      <title>TestNG Results</title>
      <meta http-equiv="content-type" content="text/html; charset=utf-8"></meta>
      <meta http-equiv="pragma" content="no-cache"></meta>
      <meta http-equiv="cache-control" content="max-age=0"></meta>
      <meta http-equiv="cache-control" content="no-cache"></meta>
      <meta http-equiv="cache-control" content="no-store"></meta>
      <LINK rel="stylesheet" href="style.css"></LINK>
      <script type="text/javascript" src="main.js"></script>
   </head>
   <body>
      <table width="100%" style="font-size: 16px; margin-bottom: 10px;" cellspacing="1">
         <tr>
            <td width="100%">
               All methods in suite
               
               <b>Regression</b>
            </td>
            <td style="background-color: #FFBBBB; padding: 3px 3px 3px 0;" align="center">
               <div style="width: 50px;">0</div>
            </td>
            <td style="background-color: lightgreen; padding: 3px 3px 3px 0;" align="center">
               <div style="width: 50px;">1</div>
            </td>
            <td style="background-color: #FFFFBB; padding: 3px 3px 3px 0;" align="center">
               <div style="width: 50px;">2</div>
            </td>
            <td align="center" style="background-color: #eaf0f7; padding: 3px 3px 3px 0;">
               <div style="width: 50px;">3</div>
            </td>
            <td align="center"
                style="font-weight: bold; background-color: #eaf0f7; padding: 3px 3px 3px 0;">
               <div style="width: 50px;">33%</div>
            </td>
            <td style="background-color: #eaf0f7; padding: 3px 3px 3px 0;" align="center"
                nowrap="true">1m
               26s
               
            </td>
         </tr>
      </table>
      <div style="width: 200px;">
         <label for="groupMethodsCheckBox" style="font-weight: bold; margin: 0;">
            <input id="groupMethodsCheckBox" type="checkbox" onclick="switchTestMethodsView(this)"></input>
            Group by class
            
         </label>
         <br></br>
         <label for="methodsFilter_ALL" style="font-weight: bold; margin: 0;">
            <input id="methodsFilter_ALL" type="checkbox"
                   onclick="testMethodsFilterChanged(this, 'ALL')"></input>
            All
            
         </label>
      </div>
      <label for="methodsFilter_FAIL" style="margin-left: 20px;">
         <input id="methodsFilter_FAIL" type="checkbox"
                onclick="testMethodsFilterChanged(this, 'FAIL')"
                checked=""></input>
         Failed
         
      </label>
      <label for="methodsFilter_PASS">
         <input id="methodsFilter_PASS" type="checkbox"
                onclick="testMethodsFilterChanged(this, 'PASS')"
                checked=""></input>
         Passed
         
      </label>
      <label for="methodsFilter_SKIP">
         <input id="methodsFilter_SKIP" type="checkbox"
                onclick="testMethodsFilterChanged(this, 'SKIP')"
                checked=""></input>
         Skipped
         
      </label>
      <label for="methodsFilter_CONF">
         <input id="methodsFilter_CONF" type="checkbox"
                onclick="testMethodsFilterChanged(this, 'CONF')"></input>
         Config
         
      </label>
      <br></br>
      <div id="testMethodsByStatus">
         <table class="testMethodsTable" cellpadding="0" cellspacing="0">
            <tr class="methodsTableHeader">
               <td width="100%">Name</td>
               <td nowrap="true">Started</td>
               <td nowrap="true">Duration</td>
               <td>Exception</td>
            </tr>
            <tr id="in.v2solutions.hybrid.testcases.VWR_01_Verify_QueueCreateUpdateDelete_beforeTest_byStatus_passed_PASS1_row"
                class="testMethodStatusPASS testMethodStatusCONF">
               <td width="100%" class="firstMethodCell">
                  <a onclick="toggleDetailsVisibility('in.v2solutions.hybrid.testcases.VWR_01_Verify_QueueCreateUpdateDelete_beforeTest_byStatus_passed_PASS1_details')">beforeTest(VWR--Visionable_Regression_CH)</a>
               </td>
               <td nowrap="true">19:03:16</td>
               <td nowrap="true" align="right">286 ms
                  
               </td>
               <td nowrap="true">
                   
                  
               </td>
            </tr>
            <tr>
               <td colspan="4" class="detailsBox">
                  <div id="in.v2solutions.hybrid.testcases.VWR_01_Verify_QueueCreateUpdateDelete_beforeTest_byStatus_passed_PASS1_details"
                       class="testMethodDetails">
                     <div>
                        <b>Name: </b>beforeTest
                     </div>
                     <div>
                        <b>Signature: </b>beforeTest(java.lang.String)[pri:0, instance:in.v2solutions.hybrid.testcases.VWR_01_Verify_QueueCreateUpdateDelete@41a2befb]
                     </div>
                     <div>
                        <b>Parameters: </b>
                        
                        VWR--Visionable_Regression_CH
                        
                        
                     </div>
                     <div>
                        <b>Start time: </b>19:03:16
                     </div>
                     <div>
                        <b>End time: </b>19:03:17
                     </div>
                     <div>
                        <b>Duration: </b>286 ms
                        
                     </div>
                  </div>
               </td>
            </tr>
            <tr></tr>
            <tr id="in.v2solutions.hybrid.testcases.VWR_01_Verify_QueueCreateUpdateDelete_afterTest_byStatus_passed_PASS2_row"
                class="testMethodStatusPASS testMethodStatusCONF">
               <td width="100%" class="firstMethodCell">
                  <a onclick="toggleDetailsVisibility('in.v2solutions.hybrid.testcases.VWR_01_Verify_QueueCreateUpdateDelete_afterTest_byStatus_passed_PASS2_details')">afterTest()</a>
               </td>
               <td nowrap="true">19:03:17</td>
               <td nowrap="true" align="right">504 ms
                  
               </td>
               <td nowrap="true">
                   
                  
               </td>
            </tr>
            <tr>
               <td colspan="4" class="detailsBox">
                  <div id="in.v2solutions.hybrid.testcases.VWR_01_Verify_QueueCreateUpdateDelete_afterTest_byStatus_passed_PASS2_details"
                       class="testMethodDetails">
                     <div>
                        <b>Name: </b>afterTest
                     </div>
                     <div>
                        <b>Signature: </b>afterTest()[pri:0, instance:in.v2solutions.hybrid.testcases.VWR_01_Verify_QueueCreateUpdateDelete@41a2befb]
                     </div>
                     <div>
                        <b>Start time: </b>19:03:17
                     </div>
                     <div>
                        <b>End time: </b>19:03:17
                     </div>
                     <div>
                        <b>Duration: </b>504 ms
                        
                     </div>
                  </div>
               </td>
            </tr>
            <tr></tr>
            <tr id="in.v2solutions.hybrid.testcases.VWR_02_Verify_ResponderCreationUpdationDeletion_beforeTest_byStatus_passed_PASS3_row"
                class="testMethodStatusPASS testMethodStatusCONF">
               <td width="100%" class="firstMethodCell">
                  <a onclick="toggleDetailsVisibility('in.v2solutions.hybrid.testcases.VWR_02_Verify_ResponderCreationUpdationDeletion_beforeTest_byStatus_passed_PASS3_details')">beforeTest(VWR--Visionable_Regression_CH)</a>
               </td>
               <td nowrap="true">19:03:17</td>
               <td nowrap="true" align="right">5 ms
                  
               </td>
               <td nowrap="true">
                   
                  
               </td>
            </tr>
            <tr>
               <td colspan="4" class="detailsBox">
                  <div id="in.v2solutions.hybrid.testcases.VWR_02_Verify_ResponderCreationUpdationDeletion_beforeTest_byStatus_passed_PASS3_details"
                       class="testMethodDetails">
                     <div>
                        <b>Name: </b>beforeTest
                     </div>
                     <div>
                        <b>Signature: </b>beforeTest(java.lang.String)[pri:0, instance:in.v2solutions.hybrid.testcases.VWR_02_Verify_ResponderCreationUpdationDeletion@17f7cd29]
                     </div>
                     <div>
                        <b>Parameters: </b>
                        
                        VWR--Visionable_Regression_CH
                        
                        
                     </div>
                     <div>
                        <b>Start time: </b>19:03:17
                     </div>
                     <div>
                        <b>End time: </b>19:03:17
                     </div>
                     <div>
                        <b>Duration: </b>5 ms
                        
                     </div>
                  </div>
               </td>
            </tr>
            <tr></tr>
            <tr id="in.v2solutions.hybrid.testcases.VWR_02_Verify_ResponderCreationUpdationDeletion_verify_ResponderCreationUpdationDeletion_byStatus_passed_PASS4_row"
                class="testMethodStatusPASS">
               <td width="100%" class="firstMethodCell">
                  <a onclick="toggleDetailsVisibility('in.v2solutions.hybrid.testcases.VWR_02_Verify_ResponderCreationUpdationDeletion_verify_ResponderCreationUpdationDeletion_byStatus_passed_PASS4_details')">verify_ResponderCreationUpdationDeletion({RunMode=Y})</a>
               </td>
               <td nowrap="true">19:03:17</td>
               <td nowrap="true" align="right">1m
                  24s
                  
               </td>
               <td nowrap="true">
                   
                  
               </td>
            </tr>
            <tr>
               <td colspan="4" class="detailsBox">
                  <div id="in.v2solutions.hybrid.testcases.VWR_02_Verify_ResponderCreationUpdationDeletion_verify_ResponderCreationUpdationDeletion_byStatus_passed_PASS4_details"
                       class="testMethodDetails">
                     <div>
                        <b>Name: </b>verify_ResponderCreationUpdationDeletion
                     </div>
                     <div>
                        <b>Signature: </b>verify_ResponderCreationUpdationDeletion(java.util.Hashtable)[pri:0, instance:in.v2solutions.hybrid.testcases.VWR_02_Verify_ResponderCreationUpdationDeletion@17f7cd29]
                     </div>
                     <div>
                        <b>Parameters: </b>
                        
                        {RunMode=Y}
                        
                        
                     </div>
                     <div>
                        <b>Start time: </b>19:03:17
                     </div>
                     <div>
                        <b>End time: </b>19:04:41
                     </div>
                     <div>
                        <b>Duration: </b>1m
                        24s
                        
                     </div>
                  </div>
               </td>
            </tr>
            <tr></tr>
            <tr id="in.v2solutions.hybrid.testcases.VWR_02_Verify_ResponderCreationUpdationDeletion_afterTest_byStatus_passed_PASS5_row"
                class="testMethodStatusPASS testMethodStatusCONF">
               <td width="100%" class="firstMethodCell">
                  <a onclick="toggleDetailsVisibility('in.v2solutions.hybrid.testcases.VWR_02_Verify_ResponderCreationUpdationDeletion_afterTest_byStatus_passed_PASS5_details')">afterTest()</a>
               </td>
               <td nowrap="true">19:04:41</td>
               <td nowrap="true" align="right">1s
                  
               </td>
               <td nowrap="true">
                   
                  
               </td>
            </tr>
            <tr>
               <td colspan="4" class="detailsBox">
                  <div id="in.v2solutions.hybrid.testcases.VWR_02_Verify_ResponderCreationUpdationDeletion_afterTest_byStatus_passed_PASS5_details"
                       class="testMethodDetails">
                     <div>
                        <b>Name: </b>afterTest
                     </div>
                     <div>
                        <b>Signature: </b>afterTest()[pri:0, instance:in.v2solutions.hybrid.testcases.VWR_02_Verify_ResponderCreationUpdationDeletion@17f7cd29]
                     </div>
                     <div>
                        <b>Start time: </b>19:04:41
                     </div>
                     <div>
                        <b>End time: </b>19:04:42
                     </div>
                     <div>
                        <b>Duration: </b>1s
                        
                     </div>
                  </div>
               </td>
            </tr>
            <tr></tr>
            <tr id="in.v2solutions.hybrid.testcases.VWR_04_Verify_AppointmentCreationUpdationDeletion_beforeTest_byStatus_passed_PASS6_row"
                class="testMethodStatusPASS testMethodStatusCONF">
               <td width="100%" class="firstMethodCell">
                  <a onclick="toggleDetailsVisibility('in.v2solutions.hybrid.testcases.VWR_04_Verify_AppointmentCreationUpdationDeletion_beforeTest_byStatus_passed_PASS6_details')">beforeTest(VWR--Visionable_Regression_CH)</a>
               </td>
               <td nowrap="true">19:04:42</td>
               <td nowrap="true" align="right">3 ms
                  
               </td>
               <td nowrap="true">
                   
                  
               </td>
            </tr>
            <tr>
               <td colspan="4" class="detailsBox">
                  <div id="in.v2solutions.hybrid.testcases.VWR_04_Verify_AppointmentCreationUpdationDeletion_beforeTest_byStatus_passed_PASS6_details"
                       class="testMethodDetails">
                     <div>
                        <b>Name: </b>beforeTest
                     </div>
                     <div>
                        <b>Signature: </b>beforeTest(java.lang.String)[pri:0, instance:in.v2solutions.hybrid.testcases.VWR_04_Verify_AppointmentCreationUpdationDeletion@1e66f1f5]
                     </div>
                     <div>
                        <b>Parameters: </b>
                        
                        VWR--Visionable_Regression_CH
                        
                        
                     </div>
                     <div>
                        <b>Start time: </b>19:04:42
                     </div>
                     <div>
                        <b>End time: </b>19:04:42
                     </div>
                     <div>
                        <b>Duration: </b>3 ms
                        
                     </div>
                  </div>
               </td>
            </tr>
            <tr></tr>
            <tr id="in.v2solutions.hybrid.testcases.VWR_04_Verify_AppointmentCreationUpdationDeletion_afterTest_byStatus_passed_PASS7_row"
                class="testMethodStatusPASS testMethodStatusCONF">
               <td width="100%" class="firstMethodCell">
                  <a onclick="toggleDetailsVisibility('in.v2solutions.hybrid.testcases.VWR_04_Verify_AppointmentCreationUpdationDeletion_afterTest_byStatus_passed_PASS7_details')">afterTest()</a>
               </td>
               <td nowrap="true">19:04:42</td>
               <td nowrap="true" align="right">153 ms
                  
               </td>
               <td nowrap="true">
                   
                  
               </td>
            </tr>
            <tr>
               <td colspan="4" class="detailsBox">
                  <div id="in.v2solutions.hybrid.testcases.VWR_04_Verify_AppointmentCreationUpdationDeletion_afterTest_byStatus_passed_PASS7_details"
                       class="testMethodDetails">
                     <div>
                        <b>Name: </b>afterTest
                     </div>
                     <div>
                        <b>Signature: </b>afterTest()[pri:0, instance:in.v2solutions.hybrid.testcases.VWR_04_Verify_AppointmentCreationUpdationDeletion@1e66f1f5]
                     </div>
                     <div>
                        <b>Start time: </b>19:04:42
                     </div>
                     <div>
                        <b>End time: </b>19:04:43
                     </div>
                     <div>
                        <b>Duration: </b>153 ms
                        
                     </div>
                  </div>
               </td>
            </tr>
            <tr></tr>
            <tr id="in.v2solutions.hybrid.testcases.VWR_01_Verify_QueueCreateUpdateDelete_verify_QueueCreateUpdateDelete_byStatus_skiped_SKIP1_row"
                class="testMethodStatusSKIP">
               <td width="100%" class="firstMethodCell">
                  <a onclick="toggleDetailsVisibility('in.v2solutions.hybrid.testcases.VWR_01_Verify_QueueCreateUpdateDelete_verify_QueueCreateUpdateDelete_byStatus_skiped_SKIP1_details')">verify_QueueCreateUpdateDelete({RunMode=Y})</a>
               </td>
               <td nowrap="true">19:03:17</td>
               <td nowrap="true" align="right">14 ms
                  
               </td>
               <td nowrap="true">
                  <a onclick="toggleDetailsVisibility('in.v2solutions.hybrid.testcases.VWR_01_Verify_QueueCreateUpdateDelete_verify_QueueCreateUpdateDelete_byStatus_skiped_SKIP1_exception')">org.testng.SkipException: 
                     This Test Script is Skipped as it's RunMode is Marked as NO
                     
                  </a>
                   
                  
               </td>
            </tr>
            <tr>
               <td colspan="4" class="detailsBox">
                  <div id="in.v2solutions.hybrid.testcases.VWR_01_Verify_QueueCreateUpdateDelete_verify_QueueCreateUpdateDelete_byStatus_skiped_SKIP1_details"
                       class="testMethodDetails">
                     <div>
                        <b>Name: </b>verify_QueueCreateUpdateDelete
                     </div>
                     <div>
                        <b>Signature: </b>verify_QueueCreateUpdateDelete(java.util.Hashtable)[pri:0, instance:in.v2solutions.hybrid.testcases.VWR_01_Verify_QueueCreateUpdateDelete@41a2befb]
                     </div>
                     <div>
                        <b>Parameters: </b>
                        
                        {RunMode=Y}
                        
                        
                     </div>
                     <div>
                        <b>Start time: </b>19:03:17
                     </div>
                     <div>
                        <b>End time: </b>19:03:17
                     </div>
                     <div>
                        <b>Duration: </b>14 ms
                        
                     </div>
                  </div>
               </td>
            </tr>
            <tr>
               <td colspan="4" class="detailsBox">
                  <div id="in.v2solutions.hybrid.testcases.VWR_01_Verify_QueueCreateUpdateDelete_verify_QueueCreateUpdateDelete_byStatus_skiped_SKIP1_exception"
                       class="testMethodDetails">
                     <pre style="padding: 5px; margin: 0;">org.testng.SkipException: This Test Script is Skipped as it's RunMode is Marked as NO
                        	at in.v2solutions.hybrid.testcases.VWR_01_Verify_QueueCreateUpdateDelete.verify_QueueCreateUpdateDelete(VWR_01_Verify_QueueCreateUpdateDelete.java:52)
                        	at sun.reflect.NativeMethodAccessorImpl.invoke0(Native Method)
                        	at sun.reflect.NativeMethodAccessorImpl.invoke(NativeMethodAccessorImpl.java:62)
                        	at sun.reflect.DelegatingMethodAccessorImpl.invoke(DelegatingMethodAccessorImpl.java:43)
                        	at java.lang.reflect.Method.invoke(Method.java:498)
                        	at org.testng.internal.MethodInvocationHelper.invokeMethod(MethodInvocationHelper.java:108)
                        	at org.testng.internal.Invoker.invokeMethod(Invoker.java:661)
                        	at org.testng.internal.Invoker.invokeTestMethod(Invoker.java:869)
                        	at org.testng.internal.Invoker.invokeTestMethods(Invoker.java:1193)
                        	at org.testng.internal.TestMethodWorker.invokeTestMethods(TestMethodWorker.java:126)
                        	at org.testng.internal.TestMethodWorker.run(TestMethodWorker.java:109)
                        	at org.testng.TestRunner.privateRun(TestRunner.java:744)
                        	at org.testng.TestRunner.run(TestRunner.java:602)
                        	at org.testng.SuiteRunner.runTest(SuiteRunner.java:380)
                        	at org.testng.SuiteRunner.runSequentially(SuiteRunner.java:375)
                        	at org.testng.SuiteRunner.privateRun(SuiteRunner.java:340)
                        	at org.testng.SuiteRunner.run(SuiteRunner.java:289)
                        	at org.testng.SuiteRunnerWorker.runSuite(SuiteRunnerWorker.java:52)
                        	at org.testng.SuiteRunnerWorker.run(SuiteRunnerWorker.java:86)
                        	at org.testng.TestNG.runSuitesSequentially(TestNG.java:1301)
                        	at org.testng.TestNG.runSuitesLocally(TestNG.java:1226)
                        	at org.testng.TestNG.runSuites(TestNG.java:1144)
                        	at org.testng.TestNG.run(TestNG.java:1115)
                        	at org.testng.TestNG.privateMain(TestNG.java:1442)
                        	at org.testng.TestNG.main(TestNG.java:1411)
                     </pre>
                  </div>
               </td>
            </tr>
            <tr id="in.v2solutions.hybrid.testcases.VWR_04_Verify_AppointmentCreationUpdationDeletion_verify_AppointmentCreationUpdationDeletion_byStatus_skiped_SKIP2_row"
                class="testMethodStatusSKIP">
               <td width="100%" class="firstMethodCell">
                  <a onclick="toggleDetailsVisibility('in.v2solutions.hybrid.testcases.VWR_04_Verify_AppointmentCreationUpdationDeletion_verify_AppointmentCreationUpdationDeletion_byStatus_skiped_SKIP2_details')">verify_AppointmentCreationUpdationDeletion({RunMode=Y})</a>
               </td>
               <td nowrap="true">19:04:42</td>
               <td nowrap="true" align="right">1 ms
                  
               </td>
               <td nowrap="true">
                  <a onclick="toggleDetailsVisibility('in.v2solutions.hybrid.testcases.VWR_04_Verify_AppointmentCreationUpdationDeletion_verify_AppointmentCreationUpdationDeletion_byStatus_skiped_SKIP2_exception')">org.testng.SkipException: 
                     This Test Script is Skipped as it's RunMode is Marked as NO
                     
                  </a>
                   
                  
               </td>
            </tr>
            <tr>
               <td colspan="4" class="detailsBox">
                  <div id="in.v2solutions.hybrid.testcases.VWR_04_Verify_AppointmentCreationUpdationDeletion_verify_AppointmentCreationUpdationDeletion_byStatus_skiped_SKIP2_details"
                       class="testMethodDetails">
                     <div>
                        <b>Name: </b>verify_AppointmentCreationUpdationDeletion
                     </div>
                     <div>
                        <b>Signature: </b>verify_AppointmentCreationUpdationDeletion(java.util.Hashtable)[pri:0, instance:in.v2solutions.hybrid.testcases.VWR_04_Verify_AppointmentCreationUpdationDeletion@1e66f1f5]
                     </div>
                     <div>
                        <b>Parameters: </b>
                        
                        {RunMode=Y}
                        
                        
                     </div>
                     <div>
                        <b>Start time: </b>19:04:42
                     </div>
                     <div>
                        <b>End time: </b>19:04:42
                     </div>
                     <div>
                        <b>Duration: </b>1 ms
                        
                     </div>
                  </div>
               </td>
            </tr>
            <tr>
               <td colspan="4" class="detailsBox">
                  <div id="in.v2solutions.hybrid.testcases.VWR_04_Verify_AppointmentCreationUpdationDeletion_verify_AppointmentCreationUpdationDeletion_byStatus_skiped_SKIP2_exception"
                       class="testMethodDetails">
                     <pre style="padding: 5px; margin: 0;">org.testng.SkipException: This Test Script is Skipped as it's RunMode is Marked as NO
                        	at in.v2solutions.hybrid.testcases.VWR_04_Verify_AppointmentCreationUpdationDeletion.verify_AppointmentCreationUpdationDeletion(VWR_04_Verify_AppointmentCreationUpdationDeletion.java:52)
                        	at sun.reflect.NativeMethodAccessorImpl.invoke0(Native Method)
                        	at sun.reflect.NativeMethodAccessorImpl.invoke(NativeMethodAccessorImpl.java:62)
                        	at sun.reflect.DelegatingMethodAccessorImpl.invoke(DelegatingMethodAccessorImpl.java:43)
                        	at java.lang.reflect.Method.invoke(Method.java:498)
                        	at org.testng.internal.MethodInvocationHelper.invokeMethod(MethodInvocationHelper.java:108)
                        	at org.testng.internal.Invoker.invokeMethod(Invoker.java:661)
                        	at org.testng.internal.Invoker.invokeTestMethod(Invoker.java:869)
                        	at org.testng.internal.Invoker.invokeTestMethods(Invoker.java:1193)
                        	at org.testng.internal.TestMethodWorker.invokeTestMethods(TestMethodWorker.java:126)
                        	at org.testng.internal.TestMethodWorker.run(TestMethodWorker.java:109)
                        	at org.testng.TestRunner.privateRun(TestRunner.java:744)
                        	at org.testng.TestRunner.run(TestRunner.java:602)
                        	at org.testng.SuiteRunner.runTest(SuiteRunner.java:380)
                        	at org.testng.SuiteRunner.runSequentially(SuiteRunner.java:375)
                        	at org.testng.SuiteRunner.privateRun(SuiteRunner.java:340)
                        	at org.testng.SuiteRunner.run(SuiteRunner.java:289)
                        	at org.testng.SuiteRunnerWorker.runSuite(SuiteRunnerWorker.java:52)
                        	at org.testng.SuiteRunnerWorker.run(SuiteRunnerWorker.java:86)
                        	at org.testng.TestNG.runSuitesSequentially(TestNG.java:1301)
                        	at org.testng.TestNG.runSuitesLocally(TestNG.java:1226)
                        	at org.testng.TestNG.runSuites(TestNG.java:1144)
                        	at org.testng.TestNG.run(TestNG.java:1115)
                        	at org.testng.TestNG.privateMain(TestNG.java:1442)
                        	at org.testng.TestNG.main(TestNG.java:1411)
                     </pre>
                  </div>
               </td>
            </tr>
         </table>
      </div>
      <div id="testMethodsByClass" style="display: none;">
         <table class="testMethodsTable" cellpadding="0" cellspacing="0">
            <tr>
               <td colspan="4">
                  <h3 style="display: inline;">in.v2solutions.hybrid.testcases.VWR_01_Verify_QueueCreateUpdateDelete</h3>
               </td>
            </tr>
            <tr class="methodsTableHeader">
               <td width="100%">Name</td>
               <td nowrap="true">Started</td>
               <td nowrap="true">Duration</td>
               <td>Exception</td>
            </tr>
            <tr id="in.v2solutions.hybrid.testcases.VWR_01_Verify_QueueCreateUpdateDelete_beforeTest_byClass_PASS1_row"
                class="testMethodStatusPASS testMethodStatusCONF">
               <td width="100%" class="firstMethodCell">
                  <a onclick="toggleDetailsVisibility('in.v2solutions.hybrid.testcases.VWR_01_Verify_QueueCreateUpdateDelete_beforeTest_byClass_PASS1_details')">beforeTest(VWR--Visionable_Regression_CH)</a>
               </td>
               <td nowrap="true">19:03:16</td>
               <td nowrap="true" align="right">286 ms
                  
               </td>
               <td nowrap="true">
                   
                  
               </td>
            </tr>
            <tr>
               <td colspan="4" class="detailsBox">
                  <div id="in.v2solutions.hybrid.testcases.VWR_01_Verify_QueueCreateUpdateDelete_beforeTest_byClass_PASS1_details"
                       class="testMethodDetails">
                     <div>
                        <b>Name: </b>beforeTest
                     </div>
                     <div>
                        <b>Signature: </b>beforeTest(java.lang.String)[pri:0, instance:in.v2solutions.hybrid.testcases.VWR_01_Verify_QueueCreateUpdateDelete@41a2befb]
                     </div>
                     <div>
                        <b>Parameters: </b>
                        
                        VWR--Visionable_Regression_CH
                        
                        
                     </div>
                     <div>
                        <b>Start time: </b>19:03:16
                     </div>
                     <div>
                        <b>End time: </b>19:03:17
                     </div>
                     <div>
                        <b>Duration: </b>286 ms
                        
                     </div>
                  </div>
               </td>
            </tr>
            <tr></tr>
            <tr id="in.v2solutions.hybrid.testcases.VWR_01_Verify_QueueCreateUpdateDelete_verify_QueueCreateUpdateDelete_byClass_SKIP2_row"
                class="testMethodStatusSKIP">
               <td width="100%" class="firstMethodCell">
                  <a onclick="toggleDetailsVisibility('in.v2solutions.hybrid.testcases.VWR_01_Verify_QueueCreateUpdateDelete_verify_QueueCreateUpdateDelete_byClass_SKIP2_details')">verify_QueueCreateUpdateDelete({RunMode=Y})</a>
               </td>
               <td nowrap="true">19:03:17</td>
               <td nowrap="true" align="right">14 ms
                  
               </td>
               <td nowrap="true">
                  <a onclick="toggleDetailsVisibility('in.v2solutions.hybrid.testcases.VWR_01_Verify_QueueCreateUpdateDelete_verify_QueueCreateUpdateDelete_byClass_SKIP2_exception')">org.testng.SkipException: 
                     This Test Script is Skipped as it's RunMode is Marked as NO
                     
                  </a>
                   
                  
               </td>
            </tr>
            <tr>
               <td colspan="4" class="detailsBox">
                  <div id="in.v2solutions.hybrid.testcases.VWR_01_Verify_QueueCreateUpdateDelete_verify_QueueCreateUpdateDelete_byClass_SKIP2_details"
                       class="testMethodDetails">
                     <div>
                        <b>Name: </b>verify_QueueCreateUpdateDelete
                     </div>
                     <div>
                        <b>Signature: </b>verify_QueueCreateUpdateDelete(java.util.Hashtable)[pri:0, instance:in.v2solutions.hybrid.testcases.VWR_01_Verify_QueueCreateUpdateDelete@41a2befb]
                     </div>
                     <div>
                        <b>Parameters: </b>
                        
                        {RunMode=Y}
                        
                        
                     </div>
                     <div>
                        <b>Start time: </b>19:03:17
                     </div>
                     <div>
                        <b>End time: </b>19:03:17
                     </div>
                     <div>
                        <b>Duration: </b>14 ms
                        
                     </div>
                  </div>
               </td>
            </tr>
            <tr>
               <td colspan="4" class="detailsBox">
                  <div id="in.v2solutions.hybrid.testcases.VWR_01_Verify_QueueCreateUpdateDelete_verify_QueueCreateUpdateDelete_byClass_SKIP2_exception"
                       class="testMethodDetails">
                     <pre style="padding: 5px; margin: 0;">org.testng.SkipException: This Test Script is Skipped as it's RunMode is Marked as NO
                        	at in.v2solutions.hybrid.testcases.VWR_01_Verify_QueueCreateUpdateDelete.verify_QueueCreateUpdateDelete(VWR_01_Verify_QueueCreateUpdateDelete.java:52)
                        	at sun.reflect.NativeMethodAccessorImpl.invoke0(Native Method)
                        	at sun.reflect.NativeMethodAccessorImpl.invoke(NativeMethodAccessorImpl.java:62)
                        	at sun.reflect.DelegatingMethodAccessorImpl.invoke(DelegatingMethodAccessorImpl.java:43)
                        	at java.lang.reflect.Method.invoke(Method.java:498)
                        	at org.testng.internal.MethodInvocationHelper.invokeMethod(MethodInvocationHelper.java:108)
                        	at org.testng.internal.Invoker.invokeMethod(Invoker.java:661)
                        	at org.testng.internal.Invoker.invokeTestMethod(Invoker.java:869)
                        	at org.testng.internal.Invoker.invokeTestMethods(Invoker.java:1193)
                        	at org.testng.internal.TestMethodWorker.invokeTestMethods(TestMethodWorker.java:126)
                        	at org.testng.internal.TestMethodWorker.run(TestMethodWorker.java:109)
                        	at org.testng.TestRunner.privateRun(TestRunner.java:744)
                        	at org.testng.TestRunner.run(TestRunner.java:602)
                        	at org.testng.SuiteRunner.runTest(SuiteRunner.java:380)
                        	at org.testng.SuiteRunner.runSequentially(SuiteRunner.java:375)
                        	at org.testng.SuiteRunner.privateRun(SuiteRunner.java:340)
                        	at org.testng.SuiteRunner.run(SuiteRunner.java:289)
                        	at org.testng.SuiteRunnerWorker.runSuite(SuiteRunnerWorker.java:52)
                        	at org.testng.SuiteRunnerWorker.run(SuiteRunnerWorker.java:86)
                        	at org.testng.TestNG.runSuitesSequentially(TestNG.java:1301)
                        	at org.testng.TestNG.runSuitesLocally(TestNG.java:1226)
                        	at org.testng.TestNG.runSuites(TestNG.java:1144)
                        	at org.testng.TestNG.run(TestNG.java:1115)
                        	at org.testng.TestNG.privateMain(TestNG.java:1442)
                        	at org.testng.TestNG.main(TestNG.java:1411)
                     </pre>
                  </div>
               </td>
            </tr>
            <tr id="in.v2solutions.hybrid.testcases.VWR_01_Verify_QueueCreateUpdateDelete_afterTest_byClass_PASS3_row"
                class="testMethodStatusPASS testMethodStatusCONF">
               <td width="100%" class="firstMethodCell">
                  <a onclick="toggleDetailsVisibility('in.v2solutions.hybrid.testcases.VWR_01_Verify_QueueCreateUpdateDelete_afterTest_byClass_PASS3_details')">afterTest()</a>
               </td>
               <td nowrap="true">19:03:17</td>
               <td nowrap="true" align="right">504 ms
                  
               </td>
               <td nowrap="true">
                   
                  
               </td>
            </tr>
            <tr>
               <td colspan="4" class="detailsBox">
                  <div id="in.v2solutions.hybrid.testcases.VWR_01_Verify_QueueCreateUpdateDelete_afterTest_byClass_PASS3_details"
                       class="testMethodDetails">
                     <div>
                        <b>Name: </b>afterTest
                     </div>
                     <div>
                        <b>Signature: </b>afterTest()[pri:0, instance:in.v2solutions.hybrid.testcases.VWR_01_Verify_QueueCreateUpdateDelete@41a2befb]
                     </div>
                     <div>
                        <b>Start time: </b>19:03:17
                     </div>
                     <div>
                        <b>End time: </b>19:03:17
                     </div>
                     <div>
                        <b>Duration: </b>504 ms
                        
                     </div>
                  </div>
               </td>
            </tr>
            <tr></tr>
         </table>
         <br></br>
         <table class="testMethodsTable" cellpadding="0" cellspacing="0">
            <tr>
               <td colspan="4">
                  <h3 style="display: inline;">in.v2solutions.hybrid.testcases.VWR_02_Verify_ResponderCreationUpdationDeletion</h3>
               </td>
            </tr>
            <tr class="methodsTableHeader">
               <td width="100%">Name</td>
               <td nowrap="true">Started</td>
               <td nowrap="true">Duration</td>
               <td>Exception</td>
            </tr>
            <tr id="in.v2solutions.hybrid.testcases.VWR_02_Verify_ResponderCreationUpdationDeletion_beforeTest_byClass_PASS1_row"
                class="testMethodStatusPASS testMethodStatusCONF">
               <td width="100%" class="firstMethodCell">
                  <a onclick="toggleDetailsVisibility('in.v2solutions.hybrid.testcases.VWR_02_Verify_ResponderCreationUpdationDeletion_beforeTest_byClass_PASS1_details')">beforeTest(VWR--Visionable_Regression_CH)</a>
               </td>
               <td nowrap="true">19:03:17</td>
               <td nowrap="true" align="right">5 ms
                  
               </td>
               <td nowrap="true">
                   
                  
               </td>
            </tr>
            <tr>
               <td colspan="4" class="detailsBox">
                  <div id="in.v2solutions.hybrid.testcases.VWR_02_Verify_ResponderCreationUpdationDeletion_beforeTest_byClass_PASS1_details"
                       class="testMethodDetails">
                     <div>
                        <b>Name: </b>beforeTest
                     </div>
                     <div>
                        <b>Signature: </b>beforeTest(java.lang.String)[pri:0, instance:in.v2solutions.hybrid.testcases.VWR_02_Verify_ResponderCreationUpdationDeletion@17f7cd29]
                     </div>
                     <div>
                        <b>Parameters: </b>
                        
                        VWR--Visionable_Regression_CH
                        
                        
                     </div>
                     <div>
                        <b>Start time: </b>19:03:17
                     </div>
                     <div>
                        <b>End time: </b>19:03:17
                     </div>
                     <div>
                        <b>Duration: </b>5 ms
                        
                     </div>
                  </div>
               </td>
            </tr>
            <tr></tr>
            <tr id="in.v2solutions.hybrid.testcases.VWR_02_Verify_ResponderCreationUpdationDeletion_verify_ResponderCreationUpdationDeletion_byClass_PASS2_row"
                class="testMethodStatusPASS">
               <td width="100%" class="firstMethodCell">
                  <a onclick="toggleDetailsVisibility('in.v2solutions.hybrid.testcases.VWR_02_Verify_ResponderCreationUpdationDeletion_verify_ResponderCreationUpdationDeletion_byClass_PASS2_details')">verify_ResponderCreationUpdationDeletion({RunMode=Y})</a>
               </td>
               <td nowrap="true">19:03:17</td>
               <td nowrap="true" align="right">1m
                  24s
                  
               </td>
               <td nowrap="true">
                   
                  
               </td>
            </tr>
            <tr>
               <td colspan="4" class="detailsBox">
                  <div id="in.v2solutions.hybrid.testcases.VWR_02_Verify_ResponderCreationUpdationDeletion_verify_ResponderCreationUpdationDeletion_byClass_PASS2_details"
                       class="testMethodDetails">
                     <div>
                        <b>Name: </b>verify_ResponderCreationUpdationDeletion
                     </div>
                     <div>
                        <b>Signature: </b>verify_ResponderCreationUpdationDeletion(java.util.Hashtable)[pri:0, instance:in.v2solutions.hybrid.testcases.VWR_02_Verify_ResponderCreationUpdationDeletion@17f7cd29]
                     </div>
                     <div>
                        <b>Parameters: </b>
                        
                        {RunMode=Y}
                        
                        
                     </div>
                     <div>
                        <b>Start time: </b>19:03:17
                     </div>
                     <div>
                        <b>End time: </b>19:04:41
                     </div>
                     <div>
                        <b>Duration: </b>1m
                        24s
                        
                     </div>
                  </div>
               </td>
            </tr>
            <tr></tr>
            <tr id="in.v2solutions.hybrid.testcases.VWR_02_Verify_ResponderCreationUpdationDeletion_afterTest_byClass_PASS3_row"
                class="testMethodStatusPASS testMethodStatusCONF">
               <td width="100%" class="firstMethodCell">
                  <a onclick="toggleDetailsVisibility('in.v2solutions.hybrid.testcases.VWR_02_Verify_ResponderCreationUpdationDeletion_afterTest_byClass_PASS3_details')">afterTest()</a>
               </td>
               <td nowrap="true">19:04:41</td>
               <td nowrap="true" align="right">1s
                  
               </td>
               <td nowrap="true">
                   
                  
               </td>
            </tr>
            <tr>
               <td colspan="4" class="detailsBox">
                  <div id="in.v2solutions.hybrid.testcases.VWR_02_Verify_ResponderCreationUpdationDeletion_afterTest_byClass_PASS3_details"
                       class="testMethodDetails">
                     <div>
                        <b>Name: </b>afterTest
                     </div>
                     <div>
                        <b>Signature: </b>afterTest()[pri:0, instance:in.v2solutions.hybrid.testcases.VWR_02_Verify_ResponderCreationUpdationDeletion@17f7cd29]
                     </div>
                     <div>
                        <b>Start time: </b>19:04:41
                     </div>
                     <div>
                        <b>End time: </b>19:04:42
                     </div>
                     <div>
                        <b>Duration: </b>1s
                        
                     </div>
                  </div>
               </td>
            </tr>
            <tr></tr>
         </table>
         <br></br>
         <table class="testMethodsTable" cellpadding="0" cellspacing="0">
            <tr>
               <td colspan="4">
                  <h3 style="display: inline;">in.v2solutions.hybrid.testcases.VWR_04_Verify_AppointmentCreationUpdationDeletion</h3>
               </td>
            </tr>
            <tr class="methodsTableHeader">
               <td width="100%">Name</td>
               <td nowrap="true">Started</td>
               <td nowrap="true">Duration</td>
               <td>Exception</td>
            </tr>
            <tr id="in.v2solutions.hybrid.testcases.VWR_04_Verify_AppointmentCreationUpdationDeletion_beforeTest_byClass_PASS1_row"
                class="testMethodStatusPASS testMethodStatusCONF">
               <td width="100%" class="firstMethodCell">
                  <a onclick="toggleDetailsVisibility('in.v2solutions.hybrid.testcases.VWR_04_Verify_AppointmentCreationUpdationDeletion_beforeTest_byClass_PASS1_details')">beforeTest(VWR--Visionable_Regression_CH)</a>
               </td>
               <td nowrap="true">19:04:42</td>
               <td nowrap="true" align="right">3 ms
                  
               </td>
               <td nowrap="true">
                   
                  
               </td>
            </tr>
            <tr>
               <td colspan="4" class="detailsBox">
                  <div id="in.v2solutions.hybrid.testcases.VWR_04_Verify_AppointmentCreationUpdationDeletion_beforeTest_byClass_PASS1_details"
                       class="testMethodDetails">
                     <div>
                        <b>Name: </b>beforeTest
                     </div>
                     <div>
                        <b>Signature: </b>beforeTest(java.lang.String)[pri:0, instance:in.v2solutions.hybrid.testcases.VWR_04_Verify_AppointmentCreationUpdationDeletion@1e66f1f5]
                     </div>
                     <div>
                        <b>Parameters: </b>
                        
                        VWR--Visionable_Regression_CH
                        
                        
                     </div>
                     <div>
                        <b>Start time: </b>19:04:42
                     </div>
                     <div>
                        <b>End time: </b>19:04:42
                     </div>
                     <div>
                        <b>Duration: </b>3 ms
                        
                     </div>
                  </div>
               </td>
            </tr>
            <tr></tr>
            <tr id="in.v2solutions.hybrid.testcases.VWR_04_Verify_AppointmentCreationUpdationDeletion_verify_AppointmentCreationUpdationDeletion_byClass_SKIP2_row"
                class="testMethodStatusSKIP">
               <td width="100%" class="firstMethodCell">
                  <a onclick="toggleDetailsVisibility('in.v2solutions.hybrid.testcases.VWR_04_Verify_AppointmentCreationUpdationDeletion_verify_AppointmentCreationUpdationDeletion_byClass_SKIP2_details')">verify_AppointmentCreationUpdationDeletion({RunMode=Y})</a>
               </td>
               <td nowrap="true">19:04:42</td>
               <td nowrap="true" align="right">1 ms
                  
               </td>
               <td nowrap="true">
                  <a onclick="toggleDetailsVisibility('in.v2solutions.hybrid.testcases.VWR_04_Verify_AppointmentCreationUpdationDeletion_verify_AppointmentCreationUpdationDeletion_byClass_SKIP2_exception')">org.testng.SkipException: 
                     This Test Script is Skipped as it's RunMode is Marked as NO
                     
                  </a>
                   
                  
               </td>
            </tr>
            <tr>
               <td colspan="4" class="detailsBox">
                  <div id="in.v2solutions.hybrid.testcases.VWR_04_Verify_AppointmentCreationUpdationDeletion_verify_AppointmentCreationUpdationDeletion_byClass_SKIP2_details"
                       class="testMethodDetails">
                     <div>
                        <b>Name: </b>verify_AppointmentCreationUpdationDeletion
                     </div>
                     <div>
                        <b>Signature: </b>verify_AppointmentCreationUpdationDeletion(java.util.Hashtable)[pri:0, instance:in.v2solutions.hybrid.testcases.VWR_04_Verify_AppointmentCreationUpdationDeletion@1e66f1f5]
                     </div>
                     <div>
                        <b>Parameters: </b>
                        
                        {RunMode=Y}
                        
                        
                     </div>
                     <div>
                        <b>Start time: </b>19:04:42
                     </div>
                     <div>
                        <b>End time: </b>19:04:42
                     </div>
                     <div>
                        <b>Duration: </b>1 ms
                        
                     </div>
                  </div>
               </td>
            </tr>
            <tr>
               <td colspan="4" class="detailsBox">
                  <div id="in.v2solutions.hybrid.testcases.VWR_04_Verify_AppointmentCreationUpdationDeletion_verify_AppointmentCreationUpdationDeletion_byClass_SKIP2_exception"
                       class="testMethodDetails">
                     <pre style="padding: 5px; margin: 0;">org.testng.SkipException: This Test Script is Skipped as it's RunMode is Marked as NO
                        	at in.v2solutions.hybrid.testcases.VWR_04_Verify_AppointmentCreationUpdationDeletion.verify_AppointmentCreationUpdationDeletion(VWR_04_Verify_AppointmentCreationUpdationDeletion.java:52)
                        	at sun.reflect.NativeMethodAccessorImpl.invoke0(Native Method)
                        	at sun.reflect.NativeMethodAccessorImpl.invoke(NativeMethodAccessorImpl.java:62)
                        	at sun.reflect.DelegatingMethodAccessorImpl.invoke(DelegatingMethodAccessorImpl.java:43)
                        	at java.lang.reflect.Method.invoke(Method.java:498)
                        	at org.testng.internal.MethodInvocationHelper.invokeMethod(MethodInvocationHelper.java:108)
                        	at org.testng.internal.Invoker.invokeMethod(Invoker.java:661)
                        	at org.testng.internal.Invoker.invokeTestMethod(Invoker.java:869)
                        	at org.testng.internal.Invoker.invokeTestMethods(Invoker.java:1193)
                        	at org.testng.internal.TestMethodWorker.invokeTestMethods(TestMethodWorker.java:126)
                        	at org.testng.internal.TestMethodWorker.run(TestMethodWorker.java:109)
                        	at org.testng.TestRunner.privateRun(TestRunner.java:744)
                        	at org.testng.TestRunner.run(TestRunner.java:602)
                        	at org.testng.SuiteRunner.runTest(SuiteRunner.java:380)
                        	at org.testng.SuiteRunner.runSequentially(SuiteRunner.java:375)
                        	at org.testng.SuiteRunner.privateRun(SuiteRunner.java:340)
                        	at org.testng.SuiteRunner.run(SuiteRunner.java:289)
                        	at org.testng.SuiteRunnerWorker.runSuite(SuiteRunnerWorker.java:52)
                        	at org.testng.SuiteRunnerWorker.run(SuiteRunnerWorker.java:86)
                        	at org.testng.TestNG.runSuitesSequentially(TestNG.java:1301)
                        	at org.testng.TestNG.runSuitesLocally(TestNG.java:1226)
                        	at org.testng.TestNG.runSuites(TestNG.java:1144)
                        	at org.testng.TestNG.run(TestNG.java:1115)
                        	at org.testng.TestNG.privateMain(TestNG.java:1442)
                        	at org.testng.TestNG.main(TestNG.java:1411)
                     </pre>
                  </div>
               </td>
            </tr>
            <tr id="in.v2solutions.hybrid.testcases.VWR_04_Verify_AppointmentCreationUpdationDeletion_afterTest_byClass_PASS3_row"
                class="testMethodStatusPASS testMethodStatusCONF">
               <td width="100%" class="firstMethodCell">
                  <a onclick="toggleDetailsVisibility('in.v2solutions.hybrid.testcases.VWR_04_Verify_AppointmentCreationUpdationDeletion_afterTest_byClass_PASS3_details')">afterTest()</a>
               </td>
               <td nowrap="true">19:04:42</td>
               <td nowrap="true" align="right">153 ms
                  
               </td>
               <td nowrap="true">
                   
                  
               </td>
            </tr>
            <tr>
               <td colspan="4" class="detailsBox">
                  <div id="in.v2solutions.hybrid.testcases.VWR_04_Verify_AppointmentCreationUpdationDeletion_afterTest_byClass_PASS3_details"
                       class="testMethodDetails">
                     <div>
                        <b>Name: </b>afterTest
                     </div>
                     <div>
                        <b>Signature: </b>afterTest()[pri:0, instance:in.v2solutions.hybrid.testcases.VWR_04_Verify_AppointmentCreationUpdationDeletion@1e66f1f5]
                     </div>
                     <div>
                        <b>Start time: </b>19:04:42
                     </div>
                     <div>
                        <b>End time: </b>19:04:43
                     </div>
                     <div>
                        <b>Duration: </b>153 ms
                        
                     </div>
                  </div>
               </td>
            </tr>
            <tr></tr>
         </table>
         <br></br>
      </div>
      <div style="margin-top: 15px; color: gray; text-align: center; font-size: 9px;">
         Generated with
         
         <a href="http://code.google.com/p/testng-xslt/" style="color: #8888aa;"
            target="_blank">
            TestNG XSLT
            
         </a>
      </div>
   </body>
</html>
